<?xml version="1.0" encoding="UTF-8"?>
<!-- Generated by org.testng.reporters.JUnitReportReporter -->
<testsuite hostname="Wal-NiranjanSQLTest" failures="0" tests="1" name="test.java.NewTest" time="0.002" errors="0" timestamp="5 Oct 2018 21:19:51 GMT">
  <testcase classname="test.java.NewTest" name="f" time="0.002"/>
</testsuite> <!-- test.java.NewTest -->
