<?xml version="1.0" encoding="UTF-8"?>
<!-- Generated by org.testng.reporters.JUnitReportReporter -->
<testsuite hostname="Wal-NiranjanSQLTest" failures="0" tests="1" name="Test.TestLoginPage" time="21.076" errors="0" timestamp="27 Sep 2018 23:52:47 GMT" skipped="0">
  <testcase classname="Test.TestLoginPage" name="SignIn" time="21.076"/>
</testsuite> <!-- Test.TestLoginPage -->
