<?xml version="1.0" encoding="UTF-8"?>
<!-- Generated by org.testng.reporters.JUnitReportReporter -->
<testsuite hostname="Wal-NiranjanSQLTest" failures="0" tests="1" name="mainScript.Driverscript" time="19.687" errors="0" timestamp="30 Sep 2018 13:32:07 GMT" skipped="0">
  <testcase classname="mainScript.Driverscript" name="main" time="19.687"/>
</testsuite> <!-- mainScript.Driverscript -->
