<?xml version="1.0" encoding="UTF-8"?>
<!-- Generated by org.testng.reporters.JUnitReportReporter -->
<testsuite hostname="Wal-NiranjanSQLTest" failures="0" tests="1" name="test.java.NewTest" time="0.016" errors="0" timestamp="5 Oct 2018 21:41:38 GMT">
  <testcase classname="test.java.NewTest" name="f" time="0.016"/>
</testsuite> <!-- test.java.NewTest -->
