<?xml version="1.0" encoding="UTF-8"?>
<!-- Generated by org.testng.reporters.JUnitReportReporter -->
<testsuite hostname="Wal-NiranjanSQLTest" failures="0" tests="1" name="TestCases.ExecuteTestCase" time="10.714" errors="0" timestamp="29 Sep 2018 01:16:07 GMT" skipped="0">
  <testcase classname="TestCases.ExecuteTestCase" name="testLogin" time="10.714"/>
</testsuite> <!-- TestCases.ExecuteTestCase -->
