<?xml version="1.0" encoding="UTF-8"?>
<!-- Generated by org.testng.reporters.JUnitReportReporter -->
<testsuite hostname="Wal-NiranjanSQLTest" failures="0" tests="1" name="TestNG" time="13.061" errors="0" timestamp="18 Sep 2018 01:27:13 GMT" skipped="0">
  <testcase classname="TestNG" name="main" time="13.061"/>
</testsuite> <!-- TestNG -->
