<?xml version="1.0" encoding="UTF-8"?>
<!-- Generated by org.testng.reporters.JUnitReportReporter -->
<testsuite hostname="Wal-NiranjanSQLTest" failures="0" tests="1" name="locatorspractice.TestNG" time="11.341" errors="0" timestamp="20 Sep 2018 23:35:33 GMT" skipped="0">
  <testcase classname="locatorspractice.TestNG" name="main" time="11.341"/>
</testsuite> <!-- locatorspractice.TestNG -->
