<?xml version="1.0" encoding="UTF-8"?>
<!-- Generated by org.testng.reporters.JUnitReportReporter -->
<testsuite hostname="Wal-NiranjanSQLTest" failures="0" tests="1" name="mainscript.CallingMethodds" time="13.658" errors="0" timestamp="14 Oct 2018 02:44:21 GMT" skipped="0">
  <testcase classname="mainscript.CallingMethodds" name="testcase1" time="13.658"/>
</testsuite> <!-- mainscript.CallingMethodds -->
