<?xml version="1.0" encoding="UTF-8"?>
<!-- Generated by org.testng.reporters.JUnitReportReporter -->
<testsuite hostname="Wal-NiranjanSQLTest" failures="0" tests="1" name="testCases.ExploretheCoursesRegistered" time="22.337" errors="0" timestamp="10 Oct 2018 20:24:56 GMT" skipped="0">
  <testcase classname="testCases.ExploretheCoursesRegistered" name="main" time="22.337"/>
</testsuite> <!-- testCases.ExploretheCoursesRegistered -->
