<?xml version="1.0" encoding="UTF-8"?>
<!-- Generated by org.testng.reporters.JUnitReportReporter -->
<testsuite hostname="Wal-NiranjanSQLTest" failures="0" tests="1" name="testCases.ExploreBlogsOnEdureka" time="27.139" errors="0" timestamp="10 Oct 2018 20:44:19 GMT" skipped="0">
  <testcase classname="testCases.ExploreBlogsOnEdureka" name="main" time="27.139"/>
</testsuite> <!-- testCases.ExploreBlogsOnEdureka -->
