<?xml version="1.0" encoding="UTF-8"?>
<!-- Generated by org.testng.reporters.JUnitReportReporter -->
<testsuite hostname="Wal-NiranjanSQLTest" failures="0" tests="6" name="LinkedList.copy.isnumeric" time="0.030" errors="0" timestamp="16 Nov 2018 19:32:07 GMT" skipped="0">
  <testcase classname="LinkedList.copy.isnumeric" name="isnumericwithvaliddata" time="0.002"/>
  <testcase classname="LinkedList.copy.isnumeric" name="isnumericwithvaliddata" time="0.002"/>
  <testcase classname="LinkedList.copy.isnumeric" name="isnumericwithinvalid" time="0.019"/>
  <testcase classname="LinkedList.copy.isnumeric" name="isnumericwithvaliddata" time="0.002"/>
  <testcase classname="LinkedList.copy.isnumeric" name="isnumericwithinvalid" time="0.003"/>
  <testcase classname="LinkedList.copy.isnumeric" name="isnumericwithinvalid" time="0.002"/>
</testsuite> <!-- LinkedList.copy.isnumeric -->
